#-----------------------------------------------------------
# Vivado v2021.1 (64-bit)
# SW Build 3247384 on Thu Jun 10 19:36:33 MDT 2021
# IP Build 3246043 on Fri Jun 11 00:30:35 MDT 2021
# Start of session at: Thu Apr 11 18:32:23 2024
# Process ID: 5248
# Current directory: C:/Users/lja26/Desktop/tetris/vivado
# Command line: vivado.exe -gui_launcher_event rodinguilauncherevent8876 C:\Users\lja26\Desktop\tetris\vivado\Tetris.xpr
# Log file: C:/Users/lja26/Desktop/tetris/vivado/vivado.log
# Journal file: C:/Users/lja26/Desktop/tetris/vivado\vivado.jou
#-----------------------------------------------------------
start_gui
open_project C:/Users/lja26/Desktop/tetris/vivado/Tetris.xpr
Scanning sources...
Finished scanning sources
INFO: [IP_Flow 19-234] Refreshing IP repositories
INFO: [IP_Flow 19-1704] No user IP repositories specified
INFO: [IP_Flow 19-2313] Loaded Vivado IP repository 'C:/Xilinx/Vivado/2021.1/data/ip'.
open_project: Time (s): cpu = 00:00:12 ; elapsed = 00:00:06 . Memory (MB): peak = 1328.988 ; gain = 0.000
update_compile_order -fileset sources_1
reset_run synth_1
WARNING: [Vivado 12-1017] Problems encountered:
1. Failed to delete one or more files in run directory C:/Users/lja26/Desktop/tetris/vivado/Tetris.runs/synth_1

launch_runs synth_1 -jobs 6
[Thu Apr 11 18:34:01 2024] Launched synth_1...
Run output will be captured here: C:/Users/lja26/Desktop/tetris/vivado/Tetris.runs/synth_1/runme.log
reset_run synth_1
WARNING: [Vivado 12-1017] Problems encountered:
1. Failed to delete one or more files in run directory C:/Users/lja26/Desktop/tetris/vivado/Tetris.runs/synth_1

launch_runs synth_1 -jobs 6
[Thu Apr 11 18:35:51 2024] Launched synth_1...
Run output will be captured here: C:/Users/lja26/Desktop/tetris/vivado/Tetris.runs/synth_1/runme.log
reset_run synth_1
WARNING: [Vivado 12-1017] Problems encountered:
1. Failed to delete one or more files in run directory C:/Users/lja26/Desktop/tetris/vivado/Tetris.runs/synth_1

launch_runs synth_1 -jobs 6
[Thu Apr 11 18:39:15 2024] Launched synth_1...
Run output will be captured here: C:/Users/lja26/Desktop/tetris/vivado/Tetris.runs/synth_1/runme.log
launch_runs impl_1 -jobs 6
[Thu Apr 11 18:40:24 2024] Launched impl_1...
Run output will be captured here: C:/Users/lja26/Desktop/tetris/vivado/Tetris.runs/impl_1/runme.log
launch_runs impl_1 -to_step write_bitstream -jobs 6
[Thu Apr 11 18:42:53 2024] Launched impl_1...
Run output will be captured here: C:/Users/lja26/Desktop/tetris/vivado/Tetris.runs/impl_1/runme.log
open_hw_manager
connect_hw_server -allow_non_jtag
INFO: [Labtools 27-2285] Connecting to hw_server url TCP:localhost:3121
INFO: [Labtools 27-2222] Launching hw_server...
INFO: [Labtools 27-2221] Launch Output:

****** Xilinx hw_server v2021.1
  **** Build date : Jun 10 2021 at 20:17:23
    ** Copyright 1986-2021 Xilinx, Inc. All Rights Reserved.


INFO: [Labtools 27-3415] Connecting to cs_server url TCP:localhost:3042
INFO: [Labtools 27-3417] Launching cs_server...
INFO: [Labtools 27-2221] Launch Output:


******** Xilinx cs_server v2021.1
  ****** Build date   : May 26 2021-13:32:33
    **** Build number : 2021.1.1622050353
      ** Copyright 2017-2024 Xilinx, Inc. All Rights Reserved.



connect_hw_server: Time (s): cpu = 00:00:00 ; elapsed = 00:00:09 . Memory (MB): peak = 1328.988 ; gain = 0.000
open_hw_target
INFO: [Labtoolstcl 44-466] Opening hw_target localhost:3121/xilinx_tcf/Digilent/210292AE3BA0A
set_property PROGRAM.FILE {C:/Users/lja26/Desktop/tetris/vivado/Tetris.runs/impl_1/Wrapper.bit} [get_hw_devices xc7a100t_0]
current_hw_device [get_hw_devices xc7a100t_0]
refresh_hw_device -update_hw_probes false [lindex [get_hw_devices xc7a100t_0] 0]
INFO: [Labtools 27-1434] Device xc7a100t (JTAG device index = 0) is programmed with a design that has no supported debug core(s) in it.
set_property PROBES.FILE {} [get_hw_devices xc7a100t_0]
set_property FULL_PROBES.FILE {} [get_hw_devices xc7a100t_0]
set_property PROGRAM.FILE {C:/Users/lja26/Desktop/tetris/vivado/Tetris.runs/impl_1/Wrapper.bit} [get_hw_devices xc7a100t_0]
program_hw_devices [get_hw_devices xc7a100t_0]
INFO: [Labtools 27-3164] End of startup status: HIGH
refresh_hw_device [lindex [get_hw_devices xc7a100t_0] 0]
INFO: [Labtools 27-1434] Device xc7a100t (JTAG device index = 0) is programmed with a design that has no supported debug core(s) in it.
reset_run synth_1
WARNING: [Vivado 12-1017] Problems encountered:
1. Failed to delete one or more files in run directory C:/Users/lja26/Desktop/tetris/vivado/Tetris.runs/synth_1

launch_runs synth_1 -jobs 6
[Thu Apr 11 18:59:08 2024] Launched synth_1...
Run output will be captured here: C:/Users/lja26/Desktop/tetris/vivado/Tetris.runs/synth_1/runme.log
launch_runs impl_1 -jobs 6
[Thu Apr 11 19:00:21 2024] Launched impl_1...
Run output will be captured here: C:/Users/lja26/Desktop/tetris/vivado/Tetris.runs/impl_1/runme.log
launch_runs impl_1 -to_step write_bitstream -jobs 6
[Thu Apr 11 19:02:36 2024] Launched impl_1...
Run output will be captured here: C:/Users/lja26/Desktop/tetris/vivado/Tetris.runs/impl_1/runme.log
set_property PROBES.FILE {} [get_hw_devices xc7a100t_0]
set_property FULL_PROBES.FILE {} [get_hw_devices xc7a100t_0]
set_property PROGRAM.FILE {C:/Users/lja26/Desktop/tetris/vivado/Tetris.runs/impl_1/Wrapper.bit} [get_hw_devices xc7a100t_0]
program_hw_devices [get_hw_devices xc7a100t_0]
INFO: [Labtools 27-3164] End of startup status: HIGH
refresh_hw_device [lindex [get_hw_devices xc7a100t_0] 0]
INFO: [Labtools 27-1434] Device xc7a100t (JTAG device index = 0) is programmed with a design that has no supported debug core(s) in it.
reset_run synth_1
WARNING: [Vivado 12-1017] Problems encountered:
1. Failed to delete one or more files in run directory C:/Users/lja26/Desktop/tetris/vivado/Tetris.runs/synth_1

launch_runs synth_1 -jobs 6
[Thu Apr 11 19:06:28 2024] Launched synth_1...
Run output will be captured here: C:/Users/lja26/Desktop/tetris/vivado/Tetris.runs/synth_1/runme.log
launch_runs impl_1 -jobs 6
[Thu Apr 11 19:07:35 2024] Launched impl_1...
Run output will be captured here: C:/Users/lja26/Desktop/tetris/vivado/Tetris.runs/impl_1/runme.log
launch_runs impl_1 -to_step write_bitstream -jobs 6
[Thu Apr 11 19:09:17 2024] Launched impl_1...
Run output will be captured here: C:/Users/lja26/Desktop/tetris/vivado/Tetris.runs/impl_1/runme.log
set_property PROBES.FILE {} [get_hw_devices xc7a100t_0]
set_property FULL_PROBES.FILE {} [get_hw_devices xc7a100t_0]
set_property PROGRAM.FILE {C:/Users/lja26/Desktop/tetris/vivado/Tetris.runs/impl_1/Wrapper.bit} [get_hw_devices xc7a100t_0]
program_hw_devices [get_hw_devices xc7a100t_0]
INFO: [Labtools 27-3164] End of startup status: HIGH
refresh_hw_device [lindex [get_hw_devices xc7a100t_0] 0]
INFO: [Labtools 27-1434] Device xc7a100t (JTAG device index = 0) is programmed with a design that has no supported debug core(s) in it.
set_property PROBES.FILE {} [get_hw_devices xc7a100t_0]
set_property FULL_PROBES.FILE {} [get_hw_devices xc7a100t_0]
set_property PROGRAM.FILE {C:/Users/lja26/Desktop/tetris/vivado/Tetris.runs/impl_1/Wrapper.bit} [get_hw_devices xc7a100t_0]
program_hw_devices [get_hw_devices xc7a100t_0]
INFO: [Labtools 27-3164] End of startup status: HIGH
refresh_hw_device [lindex [get_hw_devices xc7a100t_0] 0]
INFO: [Labtools 27-1434] Device xc7a100t (JTAG device index = 0) is programmed with a design that has no supported debug core(s) in it.
reset_run synth_1
WARNING: [Vivado 12-1017] Problems encountered:
1. Failed to delete one or more files in run directory C:/Users/lja26/Desktop/tetris/vivado/Tetris.runs/synth_1

launch_runs synth_1 -jobs 6
[Thu Apr 11 19:33:18 2024] Launched synth_1...
Run output will be captured here: C:/Users/lja26/Desktop/tetris/vivado/Tetris.runs/synth_1/runme.log
reset_run synth_1
WARNING: [Vivado 12-1017] Problems encountered:
1. Failed to delete one or more files in run directory C:/Users/lja26/Desktop/tetris/vivado/Tetris.runs/synth_1

launch_runs synth_1 -jobs 6
[Thu Apr 11 19:34:23 2024] Launched synth_1...
Run output will be captured here: C:/Users/lja26/Desktop/tetris/vivado/Tetris.runs/synth_1/runme.log
launch_runs impl_1 -jobs 6
[Thu Apr 11 19:35:20 2024] Launched impl_1...
Run output will be captured here: C:/Users/lja26/Desktop/tetris/vivado/Tetris.runs/impl_1/runme.log
reset_run synth_1
WARNING: [Vivado 12-1017] Problems encountered:
1. Failed to delete one or more files in run directory C:/Users/lja26/Desktop/tetris/vivado/Tetris.runs/synth_1

launch_runs synth_1 -jobs 6
[Thu Apr 11 19:36:19 2024] Launched synth_1...
Run output will be captured here: C:/Users/lja26/Desktop/tetris/vivado/Tetris.runs/synth_1/runme.log
launch_runs impl_1 -jobs 6
[Thu Apr 11 19:37:15 2024] Launched impl_1...
Run output will be captured here: C:/Users/lja26/Desktop/tetris/vivado/Tetris.runs/impl_1/runme.log
reset_run synth_1
WARNING: [Vivado 12-1017] Problems encountered:
1. Failed to delete one or more files in run directory C:/Users/lja26/Desktop/tetris/vivado/Tetris.runs/synth_1

launch_runs synth_1 -jobs 6
[Thu Apr 11 19:40:15 2024] Launched synth_1...
Run output will be captured here: C:/Users/lja26/Desktop/tetris/vivado/Tetris.runs/synth_1/runme.log
reset_run synth_1
WARNING: [Vivado 12-1017] Problems encountered:
1. Failed to delete one or more files in run directory C:/Users/lja26/Desktop/tetris/vivado/Tetris.runs/synth_1

launch_runs synth_1 -jobs 6
[Thu Apr 11 19:40:45 2024] Launched synth_1...
Run output will be captured here: C:/Users/lja26/Desktop/tetris/vivado/Tetris.runs/synth_1/runme.log
launch_runs impl_1 -jobs 6
[Thu Apr 11 19:41:47 2024] Launched impl_1...
Run output will be captured here: C:/Users/lja26/Desktop/tetris/vivado/Tetris.runs/impl_1/runme.log
launch_runs impl_1 -to_step write_bitstream -jobs 6
[Thu Apr 11 19:42:52 2024] Launched impl_1...
Run output will be captured here: C:/Users/lja26/Desktop/tetris/vivado/Tetris.runs/impl_1/runme.log
set_property PROBES.FILE {} [get_hw_devices xc7a100t_0]
set_property FULL_PROBES.FILE {} [get_hw_devices xc7a100t_0]
set_property PROGRAM.FILE {C:/Users/lja26/Desktop/tetris/vivado/Tetris.runs/impl_1/Wrapper.bit} [get_hw_devices xc7a100t_0]
program_hw_devices [get_hw_devices xc7a100t_0]
INFO: [Labtools 27-3164] End of startup status: HIGH
refresh_hw_device [lindex [get_hw_devices xc7a100t_0] 0]
INFO: [Labtools 27-1434] Device xc7a100t (JTAG device index = 0) is programmed with a design that has no supported debug core(s) in it.
reset_run synth_1
WARNING: [Vivado 12-1017] Problems encountered:
1. Failed to delete one or more files in run directory C:/Users/lja26/Desktop/tetris/vivado/Tetris.runs/synth_1

launch_runs synth_1 -jobs 6
[Thu Apr 11 19:49:12 2024] Launched synth_1...
Run output will be captured here: C:/Users/lja26/Desktop/tetris/vivado/Tetris.runs/synth_1/runme.log
reset_run synth_1
WARNING: [Vivado 12-1017] Problems encountered:
1. Failed to delete one or more files in run directory C:/Users/lja26/Desktop/tetris/vivado/Tetris.runs/synth_1

launch_runs synth_1 -jobs 6
[Thu Apr 11 19:50:20 2024] Launched synth_1...
Run output will be captured here: C:/Users/lja26/Desktop/tetris/vivado/Tetris.runs/synth_1/runme.log
reset_run synth_1
WARNING: [Vivado 12-1017] Problems encountered:
1. Failed to delete one or more files in run directory C:/Users/lja26/Desktop/tetris/vivado/Tetris.runs/synth_1

launch_runs synth_1 -jobs 6
[Thu Apr 11 19:51:40 2024] Launched synth_1...
Run output will be captured here: C:/Users/lja26/Desktop/tetris/vivado/Tetris.runs/synth_1/runme.log
reset_run synth_1
WARNING: [Vivado 12-1017] Problems encountered:
1. Failed to delete one or more files in run directory C:/Users/lja26/Desktop/tetris/vivado/Tetris.runs/synth_1

launch_runs synth_1 -jobs 6
CRITICAL WARNING: [HDL 9-806] Syntax error near "[". [C:/Users/lja26/Desktop/tetris/tetris_wrapper.v:87]
[Thu Apr 11 19:52:45 2024] Launched synth_1...
Run output will be captured here: C:/Users/lja26/Desktop/tetris/vivado/Tetris.runs/synth_1/runme.log
reset_run synth_1
WARNING: [Vivado 12-1017] Problems encountered:
1. Failed to delete one or more files in run directory C:/Users/lja26/Desktop/tetris/vivado/Tetris.runs/synth_1

launch_runs synth_1 -jobs 6
[Thu Apr 11 19:53:06 2024] Launched synth_1...
Run output will be captured here: C:/Users/lja26/Desktop/tetris/vivado/Tetris.runs/synth_1/runme.log
reset_run synth_1
WARNING: [Vivado 12-1017] Problems encountered:
1. Failed to delete one or more files in run directory C:/Users/lja26/Desktop/tetris/vivado/Tetris.runs/synth_1

launch_runs synth_1 -jobs 6
[Thu Apr 11 19:53:57 2024] Launched synth_1...
Run output will be captured here: C:/Users/lja26/Desktop/tetris/vivado/Tetris.runs/synth_1/runme.log
launch_runs impl_1 -jobs 6
[Thu Apr 11 19:54:53 2024] Launched impl_1...
Run output will be captured here: C:/Users/lja26/Desktop/tetris/vivado/Tetris.runs/impl_1/runme.log
launch_runs impl_1 -to_step write_bitstream -jobs 6
[Thu Apr 11 19:56:01 2024] Launched impl_1...
Run output will be captured here: C:/Users/lja26/Desktop/tetris/vivado/Tetris.runs/impl_1/runme.log
set_property PROBES.FILE {} [get_hw_devices xc7a100t_0]
set_property FULL_PROBES.FILE {} [get_hw_devices xc7a100t_0]
set_property PROGRAM.FILE {C:/Users/lja26/Desktop/tetris/vivado/Tetris.runs/impl_1/Wrapper.bit} [get_hw_devices xc7a100t_0]
program_hw_devices [get_hw_devices xc7a100t_0]
INFO: [Labtools 27-3164] End of startup status: HIGH
refresh_hw_device [lindex [get_hw_devices xc7a100t_0] 0]
INFO: [Labtools 27-1434] Device xc7a100t (JTAG device index = 0) is programmed with a design that has no supported debug core(s) in it.
reset_run synth_1
WARNING: [Vivado 12-1017] Problems encountered:
1. Failed to delete one or more files in run directory C:/Users/lja26/Desktop/tetris/vivado/Tetris.runs/synth_1

launch_runs synth_1 -jobs 6
[Thu Apr 11 20:05:35 2024] Launched synth_1...
Run output will be captured here: C:/Users/lja26/Desktop/tetris/vivado/Tetris.runs/synth_1/runme.log
launch_runs impl_1 -jobs 6
[Thu Apr 11 20:06:39 2024] Launched impl_1...
Run output will be captured here: C:/Users/lja26/Desktop/tetris/vivado/Tetris.runs/impl_1/runme.log
launch_runs impl_1 -to_step write_bitstream -jobs 6
[Thu Apr 11 20:07:51 2024] Launched impl_1...
Run output will be captured here: C:/Users/lja26/Desktop/tetris/vivado/Tetris.runs/impl_1/runme.log
set_property PROBES.FILE {} [get_hw_devices xc7a100t_0]
set_property FULL_PROBES.FILE {} [get_hw_devices xc7a100t_0]
set_property PROGRAM.FILE {C:/Users/lja26/Desktop/tetris/vivado/Tetris.runs/impl_1/Wrapper.bit} [get_hw_devices xc7a100t_0]
program_hw_devices [get_hw_devices xc7a100t_0]
INFO: [Labtools 27-3164] End of startup status: HIGH
refresh_hw_device [lindex [get_hw_devices xc7a100t_0] 0]
INFO: [Labtools 27-1434] Device xc7a100t (JTAG device index = 0) is programmed with a design that has no supported debug core(s) in it.
set_property PROBES.FILE {} [get_hw_devices xc7a100t_0]
set_property FULL_PROBES.FILE {} [get_hw_devices xc7a100t_0]
set_property PROGRAM.FILE {C:/Users/lja26/Desktop/tetris/vivado/Tetris.runs/impl_1/Wrapper.bit} [get_hw_devices xc7a100t_0]
program_hw_devices [get_hw_devices xc7a100t_0]
INFO: [Labtools 27-3164] End of startup status: HIGH
refresh_hw_device [lindex [get_hw_devices xc7a100t_0] 0]
INFO: [Labtools 27-1434] Device xc7a100t (JTAG device index = 0) is programmed with a design that has no supported debug core(s) in it.
reset_run synth_1
WARNING: [Vivado 12-1017] Problems encountered:
1. Failed to delete one or more files in run directory C:/Users/lja26/Desktop/tetris/vivado/Tetris.runs/synth_1

launch_runs synth_1 -jobs 6
[Thu Apr 11 20:18:02 2024] Launched synth_1...
Run output will be captured here: C:/Users/lja26/Desktop/tetris/vivado/Tetris.runs/synth_1/runme.log
launch_runs impl_1 -jobs 6
[Thu Apr 11 20:19:33 2024] Launched impl_1...
Run output will be captured here: C:/Users/lja26/Desktop/tetris/vivado/Tetris.runs/impl_1/runme.log
launch_runs impl_1 -to_step write_bitstream -jobs 6
[Thu Apr 11 20:20:52 2024] Launched impl_1...
Run output will be captured here: C:/Users/lja26/Desktop/tetris/vivado/Tetris.runs/impl_1/runme.log
set_property PROBES.FILE {} [get_hw_devices xc7a100t_0]
set_property FULL_PROBES.FILE {} [get_hw_devices xc7a100t_0]
set_property PROGRAM.FILE {C:/Users/lja26/Desktop/tetris/vivado/Tetris.runs/impl_1/Wrapper.bit} [get_hw_devices xc7a100t_0]
program_hw_devices [get_hw_devices xc7a100t_0]
INFO: [Labtools 27-3164] End of startup status: HIGH
refresh_hw_device [lindex [get_hw_devices xc7a100t_0] 0]
INFO: [Labtools 27-1434] Device xc7a100t (JTAG device index = 0) is programmed with a design that has no supported debug core(s) in it.
reset_run synth_1
WARNING: [Vivado 12-1017] Problems encountered:
1. Failed to delete one or more files in run directory C:/Users/lja26/Desktop/tetris/vivado/Tetris.runs/synth_1

launch_runs synth_1 -jobs 6
[Thu Apr 11 20:36:43 2024] Launched synth_1...
Run output will be captured here: C:/Users/lja26/Desktop/tetris/vivado/Tetris.runs/synth_1/runme.log
launch_runs impl_1 -jobs 6
[Thu Apr 11 20:37:55 2024] Launched impl_1...
Run output will be captured here: C:/Users/lja26/Desktop/tetris/vivado/Tetris.runs/impl_1/runme.log
launch_runs impl_1 -to_step write_bitstream -jobs 6
[Thu Apr 11 20:39:43 2024] Launched impl_1...
Run output will be captured here: C:/Users/lja26/Desktop/tetris/vivado/Tetris.runs/impl_1/runme.log
set_property PROBES.FILE {} [get_hw_devices xc7a100t_0]
set_property FULL_PROBES.FILE {} [get_hw_devices xc7a100t_0]
set_property PROGRAM.FILE {C:/Users/lja26/Desktop/tetris/vivado/Tetris.runs/impl_1/Wrapper.bit} [get_hw_devices xc7a100t_0]
program_hw_devices [get_hw_devices xc7a100t_0]
INFO: [Labtools 27-3164] End of startup status: HIGH
refresh_hw_device [lindex [get_hw_devices xc7a100t_0] 0]
INFO: [Labtools 27-1434] Device xc7a100t (JTAG device index = 0) is programmed with a design that has no supported debug core(s) in it.
set_property PROBES.FILE {} [get_hw_devices xc7a100t_0]
set_property FULL_PROBES.FILE {} [get_hw_devices xc7a100t_0]
set_property PROGRAM.FILE {C:/Users/lja26/Desktop/tetris/vivado/Tetris.runs/impl_1/Wrapper.bit} [get_hw_devices xc7a100t_0]
program_hw_devices [get_hw_devices xc7a100t_0]
INFO: [Labtools 27-3164] End of startup status: HIGH
refresh_hw_device [lindex [get_hw_devices xc7a100t_0] 0]
INFO: [Labtools 27-1434] Device xc7a100t (JTAG device index = 0) is programmed with a design that has no supported debug core(s) in it.
reset_run synth_1
WARNING: [Vivado 12-1017] Problems encountered:
1. Failed to delete one or more files in run directory C:/Users/lja26/Desktop/tetris/vivado/Tetris.runs/synth_1

launch_runs synth_1 -jobs 6
[Thu Apr 11 20:46:41 2024] Launched synth_1...
Run output will be captured here: C:/Users/lja26/Desktop/tetris/vivado/Tetris.runs/synth_1/runme.log
launch_runs impl_1 -jobs 6
[Thu Apr 11 20:48:17 2024] Launched impl_1...
Run output will be captured here: C:/Users/lja26/Desktop/tetris/vivado/Tetris.runs/impl_1/runme.log
launch_runs impl_1 -to_step write_bitstream -jobs 6
[Thu Apr 11 20:50:46 2024] Launched impl_1...
Run output will be captured here: C:/Users/lja26/Desktop/tetris/vivado/Tetris.runs/impl_1/runme.log
set_property PROBES.FILE {} [get_hw_devices xc7a100t_0]
set_property FULL_PROBES.FILE {} [get_hw_devices xc7a100t_0]
set_property PROGRAM.FILE {C:/Users/lja26/Desktop/tetris/vivado/Tetris.runs/impl_1/Wrapper.bit} [get_hw_devices xc7a100t_0]
program_hw_devices [get_hw_devices xc7a100t_0]
INFO: [Labtools 27-3164] End of startup status: HIGH
refresh_hw_device [lindex [get_hw_devices xc7a100t_0] 0]
INFO: [Labtools 27-1434] Device xc7a100t (JTAG device index = 0) is programmed with a design that has no supported debug core(s) in it.
set_property PROBES.FILE {} [get_hw_devices xc7a100t_0]
set_property FULL_PROBES.FILE {} [get_hw_devices xc7a100t_0]
set_property PROGRAM.FILE {C:/Users/lja26/Desktop/tetris/vivado/Tetris.runs/impl_1/Wrapper.bit} [get_hw_devices xc7a100t_0]
program_hw_devices [get_hw_devices xc7a100t_0]
INFO: [Labtools 27-3164] End of startup status: HIGH
refresh_hw_device [lindex [get_hw_devices xc7a100t_0] 0]
INFO: [Labtools 27-1434] Device xc7a100t (JTAG device index = 0) is programmed with a design that has no supported debug core(s) in it.
reset_run synth_1
WARNING: [Vivado 12-1017] Problems encountered:
1. Failed to delete one or more files in run directory C:/Users/lja26/Desktop/tetris/vivado/Tetris.runs/synth_1

launch_runs synth_1 -jobs 6
[Thu Apr 11 21:20:14 2024] Launched synth_1...
Run output will be captured here: C:/Users/lja26/Desktop/tetris/vivado/Tetris.runs/synth_1/runme.log
launch_runs impl_1 -jobs 6
[Thu Apr 11 21:21:48 2024] Launched impl_1...
Run output will be captured here: C:/Users/lja26/Desktop/tetris/vivado/Tetris.runs/impl_1/runme.log
launch_runs impl_1 -to_step write_bitstream -jobs 6
[Thu Apr 11 21:23:32 2024] Launched impl_1...
Run output will be captured here: C:/Users/lja26/Desktop/tetris/vivado/Tetris.runs/impl_1/runme.log
set_property PROBES.FILE {} [get_hw_devices xc7a100t_0]
set_property FULL_PROBES.FILE {} [get_hw_devices xc7a100t_0]
set_property PROGRAM.FILE {C:/Users/lja26/Desktop/tetris/vivado/Tetris.runs/impl_1/Wrapper.bit} [get_hw_devices xc7a100t_0]
program_hw_devices [get_hw_devices xc7a100t_0]
INFO: [Labtools 27-3164] End of startup status: HIGH
refresh_hw_device [lindex [get_hw_devices xc7a100t_0] 0]
INFO: [Labtools 27-1434] Device xc7a100t (JTAG device index = 0) is programmed with a design that has no supported debug core(s) in it.
reset_run synth_1
WARNING: [Vivado 12-1017] Problems encountered:
1. Failed to delete one or more files in run directory C:/Users/lja26/Desktop/tetris/vivado/Tetris.runs/synth_1

launch_runs synth_1 -jobs 6
[Thu Apr 11 21:34:30 2024] Launched synth_1...
Run output will be captured here: C:/Users/lja26/Desktop/tetris/vivado/Tetris.runs/synth_1/runme.log
launch_runs impl_1 -jobs 6
[Thu Apr 11 21:35:56 2024] Launched impl_1...
Run output will be captured here: C:/Users/lja26/Desktop/tetris/vivado/Tetris.runs/impl_1/runme.log
launch_runs impl_1 -to_step write_bitstream -jobs 6
[Thu Apr 11 21:38:01 2024] Launched impl_1...
Run output will be captured here: C:/Users/lja26/Desktop/tetris/vivado/Tetris.runs/impl_1/runme.log
set_property PROBES.FILE {} [get_hw_devices xc7a100t_0]
set_property FULL_PROBES.FILE {} [get_hw_devices xc7a100t_0]
set_property PROGRAM.FILE {C:/Users/lja26/Desktop/tetris/vivado/Tetris.runs/impl_1/Wrapper.bit} [get_hw_devices xc7a100t_0]
program_hw_devices [get_hw_devices xc7a100t_0]
INFO: [Labtools 27-3164] End of startup status: HIGH
refresh_hw_device [lindex [get_hw_devices xc7a100t_0] 0]
INFO: [Labtools 27-1434] Device xc7a100t (JTAG device index = 0) is programmed with a design that has no supported debug core(s) in it.
set_property PROBES.FILE {} [get_hw_devices xc7a100t_0]
set_property FULL_PROBES.FILE {} [get_hw_devices xc7a100t_0]
set_property PROGRAM.FILE {C:/Users/lja26/Desktop/tetris/vivado/Tetris.runs/impl_1/Wrapper.bit} [get_hw_devices xc7a100t_0]
program_hw_devices [get_hw_devices xc7a100t_0]
INFO: [Labtools 27-3164] End of startup status: HIGH
refresh_hw_device [lindex [get_hw_devices xc7a100t_0] 0]
INFO: [Labtools 27-1434] Device xc7a100t (JTAG device index = 0) is programmed with a design that has no supported debug core(s) in it.
reset_run synth_1
WARNING: [Vivado 12-1017] Problems encountered:
1. Failed to delete one or more files in run directory C:/Users/lja26/Desktop/tetris/vivado/Tetris.runs/synth_1

launch_runs synth_1 -jobs 6
[Thu Apr 11 21:54:19 2024] Launched synth_1...
Run output will be captured here: C:/Users/lja26/Desktop/tetris/vivado/Tetris.runs/synth_1/runme.log
launch_runs impl_1 -jobs 6
[Thu Apr 11 21:55:27 2024] Launched impl_1...
Run output will be captured here: C:/Users/lja26/Desktop/tetris/vivado/Tetris.runs/impl_1/runme.log
launch_runs impl_1 -to_step write_bitstream -jobs 6
[Thu Apr 11 21:57:29 2024] Launched impl_1...
Run output will be captured here: C:/Users/lja26/Desktop/tetris/vivado/Tetris.runs/impl_1/runme.log
set_property PROBES.FILE {} [get_hw_devices xc7a100t_0]
set_property FULL_PROBES.FILE {} [get_hw_devices xc7a100t_0]
set_property PROGRAM.FILE {C:/Users/lja26/Desktop/tetris/vivado/Tetris.runs/impl_1/Wrapper.bit} [get_hw_devices xc7a100t_0]
program_hw_devices [get_hw_devices xc7a100t_0]
INFO: [Labtools 27-3164] End of startup status: HIGH
refresh_hw_device [lindex [get_hw_devices xc7a100t_0] 0]
INFO: [Labtools 27-1434] Device xc7a100t (JTAG device index = 0) is programmed with a design that has no supported debug core(s) in it.
set_property PROBES.FILE {} [get_hw_devices xc7a100t_0]
set_property FULL_PROBES.FILE {} [get_hw_devices xc7a100t_0]
set_property PROGRAM.FILE {C:/Users/lja26/Desktop/tetris/vivado/Tetris.runs/impl_1/Wrapper.bit} [get_hw_devices xc7a100t_0]
program_hw_devices [get_hw_devices xc7a100t_0]
INFO: [Labtools 27-3164] End of startup status: HIGH
refresh_hw_device [lindex [get_hw_devices xc7a100t_0] 0]
INFO: [Labtools 27-1434] Device xc7a100t (JTAG device index = 0) is programmed with a design that has no supported debug core(s) in it.
set_property PROBES.FILE {} [get_hw_devices xc7a100t_0]
set_property FULL_PROBES.FILE {} [get_hw_devices xc7a100t_0]
set_property PROGRAM.FILE {C:/Users/lja26/Desktop/tetris/vivado/Tetris.runs/impl_1/Wrapper.bit} [get_hw_devices xc7a100t_0]
program_hw_devices [get_hw_devices xc7a100t_0]
INFO: [Labtools 27-3164] End of startup status: HIGH
refresh_hw_device [lindex [get_hw_devices xc7a100t_0] 0]
INFO: [Labtools 27-1434] Device xc7a100t (JTAG device index = 0) is programmed with a design that has no supported debug core(s) in it.
reset_run synth_1
WARNING: [Vivado 12-1017] Problems encountered:
1. Failed to delete one or more files in run directory C:/Users/lja26/Desktop/tetris/vivado/Tetris.runs/synth_1

launch_runs synth_1 -jobs 6
[Thu Apr 11 22:10:17 2024] Launched synth_1...
Run output will be captured here: C:/Users/lja26/Desktop/tetris/vivado/Tetris.runs/synth_1/runme.log
launch_runs impl_1 -jobs 6
[Thu Apr 11 22:11:39 2024] Launched impl_1...
Run output will be captured here: C:/Users/lja26/Desktop/tetris/vivado/Tetris.runs/impl_1/runme.log
launch_runs impl_1 -to_step write_bitstream -jobs 6
[Thu Apr 11 22:13:41 2024] Launched impl_1...
Run output will be captured here: C:/Users/lja26/Desktop/tetris/vivado/Tetris.runs/impl_1/runme.log
set_property PROBES.FILE {} [get_hw_devices xc7a100t_0]
set_property FULL_PROBES.FILE {} [get_hw_devices xc7a100t_0]
set_property PROGRAM.FILE {C:/Users/lja26/Desktop/tetris/vivado/Tetris.runs/impl_1/Wrapper.bit} [get_hw_devices xc7a100t_0]
program_hw_devices [get_hw_devices xc7a100t_0]
INFO: [Labtools 27-3164] End of startup status: HIGH
refresh_hw_device [lindex [get_hw_devices xc7a100t_0] 0]
INFO: [Labtools 27-1434] Device xc7a100t (JTAG device index = 0) is programmed with a design that has no supported debug core(s) in it.
reset_run synth_1
WARNING: [Vivado 12-1017] Problems encountered:
1. Failed to delete one or more files in run directory C:/Users/lja26/Desktop/tetris/vivado/Tetris.runs/synth_1

launch_runs synth_1 -jobs 6
[Thu Apr 11 22:19:19 2024] Launched synth_1...
Run output will be captured here: C:/Users/lja26/Desktop/tetris/vivado/Tetris.runs/synth_1/runme.log
launch_runs impl_1 -jobs 6
[Thu Apr 11 22:20:39 2024] Launched impl_1...
Run output will be captured here: C:/Users/lja26/Desktop/tetris/vivado/Tetris.runs/impl_1/runme.log
launch_runs impl_1 -to_step write_bitstream -jobs 6
[Thu Apr 11 22:22:32 2024] Launched impl_1...
Run output will be captured here: C:/Users/lja26/Desktop/tetris/vivado/Tetris.runs/impl_1/runme.log
set_property PROBES.FILE {} [get_hw_devices xc7a100t_0]
set_property FULL_PROBES.FILE {} [get_hw_devices xc7a100t_0]
set_property PROGRAM.FILE {C:/Users/lja26/Desktop/tetris/vivado/Tetris.runs/impl_1/Wrapper.bit} [get_hw_devices xc7a100t_0]
program_hw_devices [get_hw_devices xc7a100t_0]
INFO: [Labtools 27-3164] End of startup status: HIGH
refresh_hw_device [lindex [get_hw_devices xc7a100t_0] 0]
INFO: [Labtools 27-1434] Device xc7a100t (JTAG device index = 0) is programmed with a design that has no supported debug core(s) in it.
ERROR: [Labtoolstcl 44-513] HW Target shutdown. Closing target: localhost:3121/xilinx_tcf/Digilent/210292AE3BA0A
