#-----------------------------------------------------------
# Vivado v2021.1 (64-bit)
# SW Build 3247384 on Thu Jun 10 19:36:33 MDT 2021
# IP Build 3246043 on Fri Jun 11 00:30:35 MDT 2021
# Start of session at: Tue Apr  9 17:38:01 2024
# Process ID: 9148
# Current directory: C:/Users/lja26/Desktop/tetris/vivado
# Command line: vivado.exe -gui_launcher_event rodinguilauncherevent12744 C:\Users\lja26\Desktop\tetris\vivado\Tetris.xpr
# Log file: C:/Users/lja26/Desktop/tetris/vivado/vivado.log
# Journal file: C:/Users/lja26/Desktop/tetris/vivado\vivado.jou
#-----------------------------------------------------------
start_gui
open_project C:/Users/lja26/Desktop/tetris/vivado/Tetris.xpr
CRITICAL WARNING: [Project 1-19] Could not find the file 'C:/Users/lja26/Desktop/vivado_timing/Wrapper_timing.v'.
CRITICAL WARNING: [Project 1-19] Could not find the file 'C:/Users/lja26/Desktop/vivado_timing/Nexys-A7-100T-Master.xdc'.
Scanning sources...
Finished scanning sources
INFO: [IP_Flow 19-234] Refreshing IP repositories
INFO: [IP_Flow 19-1704] No user IP repositories specified
INFO: [IP_Flow 19-2313] Loaded Vivado IP repository 'C:/Xilinx/Vivado/2021.1/data/ip'.
open_project: Time (s): cpu = 00:00:12 ; elapsed = 00:00:05 . Memory (MB): peak = 1328.887 ; gain = 0.000
